{"/home/cambabuntu/estudo/nodemodule/lib/index.js":{"path":"/home/cambabuntu/estudo/nodemodule/lib/index.js","s":{"1":1,"2":1,"3":1,"4":1,"5":1,"6":1,"7":1},"b":{},"f":{},"fnMap":{},"statementMap":{"1":{"start":{"line":1,"column":0},"end":{"line":1,"column":54}},"2":{"start":{"line":2,"column":0},"end":{"line":2,"column":83}},"3":{"start":{"line":3,"column":0},"end":{"line":3,"column":95}},"4":{"start":{"line":4,"column":0},"end":{"line":4,"column":73}},"5":{"start":{"line":5,"column":0},"end":{"line":5,"column":140}},"6":{"start":{"line":6,"column":0},"end":{"line":6,"column":86}},"7":{"start":{"line":9,"column":0},"end":{"line":9,"column":36}}},"branchMap":{}},"/home/cambabuntu/estudo/nodemodule/lib/services/MathService.js":{"path":"/home/cambabuntu/estudo/nodemodule/lib/services/MathService.js","s":{"1":9,"2":9,"3":1,"4":1},"b":{},"f":{"1":9},"fnMap":{"1":{"name":"(anonymous_1)","line":3,"loc":{"start":{"line":3,"column":19},"end":{"line":4,"column":4}}}},"statementMap":{"1":{"start":{"line":5,"column":8},"end":{"line":5,"column":50}},"2":{"start":{"line":6,"column":8},"end":{"line":6,"column":29}},"3":{"start":{"line":10,"column":0},"end":{"line":10,"column":41}},"4":{"start":{"line":10,"column":23},"end":{"line":10,"column":40}}},"branchMap":{}},"/home/cambabuntu/estudo/nodemodule/lib/services/FakeBirthdateService.js":{"path":"/home/cambabuntu/estudo/nodemodule/lib/services/FakeBirthdateService.js","s":{"1":1,"2":1,"3":1,"4":1,"5":1,"6":1,"7":1,"8":1,"9":1,"10":1,"11":1,"12":1},"b":{},"f":{"1":1,"2":1},"fnMap":{"1":{"name":"(anonymous_1)","line":3,"loc":{"start":{"line":3,"column":15},"end":{"line":4,"column":4}}},"2":{"name":"(anonymous_2)","line":8,"loc":{"start":{"line":8,"column":19},"end":{"line":9,"column":4}}}},"statementMap":{"1":{"start":{"line":5,"column":8},"end":{"line":5,"column":39}},"2":{"start":{"line":10,"column":8},"end":{"line":10,"column":59}},"3":{"start":{"line":11,"column":8},"end":{"line":11,"column":60}},"4":{"start":{"line":12,"column":8},"end":{"line":12,"column":30}},"5":{"start":{"line":13,"column":8},"end":{"line":13,"column":57}},"6":{"start":{"line":14,"column":8},"end":{"line":14,"column":28}},"7":{"start":{"line":15,"column":8},"end":{"line":15,"column":27}},"8":{"start":{"line":16,"column":8},"end":{"line":16,"column":34}},"9":{"start":{"line":17,"column":8},"end":{"line":17,"column":50}},"10":{"start":{"line":18,"column":8},"end":{"line":18,"column":20}},"11":{"start":{"line":22,"column":0},"end":{"line":22,"column":72}},"12":{"start":{"line":22,"column":34},"end":{"line":22,"column":71}}},"branchMap":{}},"/home/cambabuntu/estudo/nodemodule/lib/services/FakeBodyMeasurementService.js":{"path":"/home/cambabuntu/estudo/nodemodule/lib/services/FakeBodyMeasurementService.js","s":{"1":1,"2":1,"3":1,"4":1,"5":1,"6":0,"7":1,"8":1,"9":1,"10":1},"b":{"1":[1,0],"2":[0,1],"3":[1,1]},"f":{"1":1,"2":1},"fnMap":{"1":{"name":"(anonymous_1)","line":3,"loc":{"start":{"line":3,"column":15},"end":{"line":4,"column":4}}},"2":{"name":"(anonymous_2)","line":8,"loc":{"start":{"line":8,"column":25},"end":{"line":9,"column":4}}}},"statementMap":{"1":{"start":{"line":5,"column":8},"end":{"line":5,"column":39}},"2":{"start":{"line":10,"column":8},"end":{"line":10,"column":95}},"3":{"start":{"line":11,"column":8},"end":{"line":11,"column":63}},"4":{"start":{"line":12,"column":8},"end":{"line":12,"column":45}},"5":{"start":{"line":14,"column":8},"end":{"line":17,"column":9}},"6":{"start":{"line":16,"column":12},"end":{"line":16,"column":54}},"7":{"start":{"line":18,"column":8},"end":{"line":18,"column":29}},"8":{"start":{"line":19,"column":8},"end":{"line":23,"column":10}},"9":{"start":{"line":27,"column":0},"end":{"line":27,"column":78}},"10":{"start":{"line":27,"column":34},"end":{"line":27,"column":77}}},"branchMap":{"1":{"line":10,"type":"cond-expr","locations":[{"start":{"line":10,"column":39},"end":{"line":10,"column":85}},{"start":{"line":10,"column":88},"end":{"line":10,"column":94}}]},"2":{"line":14,"type":"if","locations":[{"start":{"line":14,"column":8},"end":{"line":14,"column":8}},{"start":{"line":14,"column":8},"end":{"line":14,"column":8}}]},"3":{"line":14,"type":"binary-expr","locations":[{"start":{"line":14,"column":11},"end":{"line":14,"column":19}},{"start":{"line":14,"column":23},"end":{"line":14,"column":31}}]}}},"/home/cambabuntu/estudo/nodemodule/lib/services/FakeNameService.js":{"path":"/home/cambabuntu/estudo/nodemodule/lib/services/FakeNameService.js","s":{"1":1,"2":1,"3":1,"4":1,"5":1,"6":1,"7":1,"8":1,"9":1,"10":1,"11":1,"12":2,"13":2,"14":1,"15":1,"16":1},"b":{},"f":{"1":1,"2":1,"3":1,"4":1},"fnMap":{"1":{"name":"(anonymous_1)","line":5,"loc":{"start":{"line":5,"column":15},"end":{"line":6,"column":4}}},"2":{"name":"(anonymous_2)","line":16,"loc":{"start":{"line":16,"column":18},"end":{"line":17,"column":4}}},"3":{"name":"(anonymous_3)","line":23,"loc":{"start":{"line":23,"column":20},"end":{"line":24,"column":4}}},"4":{"name":"(anonymous_4)","line":29,"loc":{"start":{"line":29,"column":18},"end":{"line":30,"column":4}}}},"statementMap":{"1":{"start":{"line":1,"column":0},"end":{"line":1,"column":25}},"2":{"start":{"line":7,"column":8},"end":{"line":7,"column":39}},"3":{"start":{"line":8,"column":8},"end":{"line":13,"column":10}},"4":{"start":{"line":18,"column":8},"end":{"line":18,"column":51}},"5":{"start":{"line":19,"column":8},"end":{"line":19,"column":44}},"6":{"start":{"line":20,"column":8},"end":{"line":20,"column":41}},"7":{"start":{"line":25,"column":8},"end":{"line":25,"column":97}},"8":{"start":{"line":26,"column":8},"end":{"line":26,"column":55}},"9":{"start":{"line":31,"column":8},"end":{"line":31,"column":58}},"10":{"start":{"line":32,"column":8},"end":{"line":32,"column":26}},"11":{"start":{"line":34,"column":8},"end":{"line":38,"column":9}},"12":{"start":{"line":36,"column":12},"end":{"line":36,"column":91}},"13":{"start":{"line":37,"column":12},"end":{"line":37,"column":57}},"14":{"start":{"line":39,"column":8},"end":{"line":39,"column":34}},"15":{"start":{"line":43,"column":0},"end":{"line":43,"column":67}},"16":{"start":{"line":43,"column":34},"end":{"line":43,"column":66}}},"branchMap":{}},"/home/cambabuntu/estudo/nodemodule/lib/services/FakeUserService.js":{"path":"/home/cambabuntu/estudo/nodemodule/lib/services/FakeUserService.js","s":{"1":1,"2":1,"3":1,"4":1,"5":1,"6":1,"7":1,"8":1,"9":1,"10":1,"11":1},"b":{"1":[0,1]},"f":{"1":1,"2":1},"fnMap":{"1":{"name":"(anonymous_1)","line":3,"loc":{"start":{"line":3,"column":15},"end":{"line":4,"column":4}}},"2":{"name":"(anonymous_2)","line":11,"loc":{"start":{"line":11,"column":14},"end":{"line":12,"column":4}}}},"statementMap":{"1":{"start":{"line":5,"column":8},"end":{"line":5,"column":47}},"2":{"start":{"line":6,"column":8},"end":{"line":6,"column":39}},"3":{"start":{"line":7,"column":8},"end":{"line":7,"column":69}},"4":{"start":{"line":8,"column":8},"end":{"line":8,"column":57}},"5":{"start":{"line":13,"column":8},"end":{"line":13,"column":82}},"6":{"start":{"line":14,"column":8},"end":{"line":14,"column":60}},"7":{"start":{"line":15,"column":8},"end":{"line":15,"column":75}},"8":{"start":{"line":16,"column":8},"end":{"line":16,"column":68}},"9":{"start":{"line":17,"column":8},"end":{"line":22,"column":9}},"10":{"start":{"line":26,"column":0},"end":{"line":26,"column":201}},"11":{"start":{"line":26,"column":101},"end":{"line":26,"column":200}}},"branchMap":{"1":{"line":13,"type":"cond-expr","locations":[{"start":{"line":13,"column":64},"end":{"line":13,"column":70}},{"start":{"line":13,"column":73},"end":{"line":13,"column":81}}]}}},"/home/cambabuntu/estudo/nodemodule/lib/controllers/FakeUserController.js":{"path":"/home/cambabuntu/estudo/nodemodule/lib/controllers/FakeUserController.js","s":{"1":1,"2":1,"3":1,"4":1},"b":{},"f":{"1":1,"2":1},"fnMap":{"1":{"name":"(anonymous_1)","line":3,"loc":{"start":{"line":3,"column":15},"end":{"line":4,"column":4}}},"2":{"name":"(anonymous_2)","line":8,"loc":{"start":{"line":8,"column":18},"end":{"line":9,"column":4}}}},"statementMap":{"1":{"start":{"line":5,"column":8},"end":{"line":5,"column":47}},"2":{"start":{"line":10,"column":8},"end":{"line":10,"column":49}},"3":{"start":{"line":14,"column":0},"end":{"line":14,"column":78}},"4":{"start":{"line":14,"column":38},"end":{"line":14,"column":77}}},"branchMap":{}}}