TN:
SF:/home/cambabuntu/estudo/nodemodule/lib/index.js
FNF:0
FNH:0
DA:1,1
DA:2,1
DA:3,1
DA:4,1
DA:5,1
DA:6,1
DA:9,1
LF:7
LH:7
BRF:0
BRH:0
end_of_record
TN:
SF:/home/cambabuntu/estudo/nodemodule/lib/services/MathService.js
FN:3,(anonymous_1)
FNF:1
FNH:1
FNDA:9,(anonymous_1)
DA:5,9
DA:6,9
DA:10,1
LF:3
LH:3
BRF:0
BRH:0
end_of_record
TN:
SF:/home/cambabuntu/estudo/nodemodule/lib/services/FakeBirthdateService.js
FN:3,(anonymous_1)
FN:8,(anonymous_2)
FNF:2
FNH:2
FNDA:1,(anonymous_1)
FNDA:1,(anonymous_2)
DA:5,1
DA:10,1
DA:11,1
DA:12,1
DA:13,1
DA:14,1
DA:15,1
DA:16,1
DA:17,1
DA:18,1
DA:22,1
LF:11
LH:11
BRF:0
BRH:0
end_of_record
TN:
SF:/home/cambabuntu/estudo/nodemodule/lib/services/FakeBodyMeasurementService.js
FN:3,(anonymous_1)
FN:8,(anonymous_2)
FNF:2
FNH:2
FNDA:1,(anonymous_1)
FNDA:1,(anonymous_2)
DA:5,1
DA:10,1
DA:11,1
DA:12,1
DA:14,1
DA:16,0
DA:18,1
DA:19,1
DA:27,1
LF:9
LH:8
BRDA:10,1,0,1
BRDA:10,1,1,0
BRDA:14,2,0,0
BRDA:14,2,1,1
BRDA:14,3,0,1
BRDA:14,3,1,1
BRF:6
BRH:4
end_of_record
TN:
SF:/home/cambabuntu/estudo/nodemodule/lib/services/FakeNameService.js
FN:5,(anonymous_1)
FN:16,(anonymous_2)
FN:23,(anonymous_3)
FN:29,(anonymous_4)
FNF:4
FNH:4
FNDA:1,(anonymous_1)
FNDA:1,(anonymous_2)
FNDA:1,(anonymous_3)
FNDA:1,(anonymous_4)
DA:1,1
DA:7,1
DA:8,1
DA:18,1
DA:19,1
DA:20,1
DA:25,1
DA:26,1
DA:31,1
DA:32,1
DA:34,1
DA:36,2
DA:37,2
DA:39,1
DA:43,1
LF:15
LH:15
BRF:0
BRH:0
end_of_record
TN:
SF:/home/cambabuntu/estudo/nodemodule/lib/services/FakeUserService.js
FN:3,(anonymous_1)
FN:11,(anonymous_2)
FNF:2
FNH:2
FNDA:1,(anonymous_1)
FNDA:1,(anonymous_2)
DA:5,1
DA:6,1
DA:7,1
DA:8,1
DA:13,1
DA:14,1
DA:15,1
DA:16,1
DA:17,1
DA:26,1
LF:10
LH:10
BRDA:13,1,0,0
BRDA:13,1,1,1
BRF:2
BRH:1
end_of_record
TN:
SF:/home/cambabuntu/estudo/nodemodule/lib/controllers/FakeUserController.js
FN:3,(anonymous_1)
FN:8,(anonymous_2)
FNF:2
FNH:2
FNDA:1,(anonymous_1)
FNDA:1,(anonymous_2)
DA:5,1
DA:10,1
DA:14,1
LF:3
LH:3
BRF:0
BRH:0
end_of_record
